XMPP_Android/app/build/outputs/logs/manifest-merger-debug-report.txt
-- Merging decision tree log ---
manifest
ADDED from src\main\AndroidManifest.xml:2:1-112:12
	package
		ADDED from src\main\AndroidManifest.xml:3:5-25
		INJECTED from src\main\AndroidManifest.xml
		INJECTED from src\main\AndroidManifest.xml
	android:versionName
		ADDED from src\main\AndroidManifest.xml:5:5-46
		INJECTED from src\main\AndroidManifest.xml
		INJECTED from src\main\AndroidManifest.xml
	android:versionCode
		ADDED from src\main\AndroidManifest.xml:4:5-28
		INJECTED from src\main\AndroidManifest.xml
		INJECTED from src\main\AndroidManifest.xml
	xmlns:android
		ADDED from src\main\AndroidManifest.xml:2:11-69
uses-sdk
ADDED from src\main\AndroidManifest.xml:7:5-9:41
MERGED from [com.android.support:support-v4:23.4.0] AndroidManifest.xml:20:5-43
MERGED from [XMPP_Android:qqEmojilib:unspecified] AndroidManifest.xml:7:5-9:41
MERGED from [com.android.support:support-v4:23.4.0] AndroidManifest.xml:20:5-43
	android:targetSdkVersion
		ADDED from src\main\AndroidManifest.xml:9:9-38
		INJECTED from src\main\AndroidManifest.xml
		INJECTED from src\main\AndroidManifest.xml
	android:minSdkVersion
		ADDED from src\main\AndroidManifest.xml:8:9-34
		INJECTED from src\main\AndroidManifest.xml
		INJECTED from src\main\AndroidManifest.xml
uses-permission#android.permission.INTERNET
ADDED from src\main\AndroidManifest.xml:11:5-67
	android:name
		ADDED from src\main\AndroidManifest.xml:11:22-64
uses-permission#android.permission.SYSTEM_ALERT_WINDOW
ADDED from src\main\AndroidManifest.xml:13:5-78
	android:name
		ADDED from src\main\AndroidManifest.xml:13:22-75
uses-permission#android.permission.ACCESS_NETWORK_STATE
ADDED from src\main\AndroidManifest.xml:14:5-79
	android:name
		ADDED from src\main\AndroidManifest.xml:14:22-76
uses-permission#android.permission.VIBRATE
ADDED from src\main\AndroidManifest.xml:15:5-66
	android:name
		ADDED from src\main\AndroidManifest.xml:15:22-63
uses-permission#android.permission.WAKE_LOCK
ADDED from src\main\AndroidManifest.xml:16:5-68
	android:name
		ADDED from src\main\AndroidManifest.xml:16:22-65
uses-permission#android.permission.RECEIVE_BOOT_COMPLETED
ADDED from src\main\AndroidManifest.xml:17:5-81
	android:name
		ADDED from src\main\AndroidManifest.xml:17:22-78
uses-permission#android.permission.GET_TASKS
ADDED from src\main\AndroidManifest.xml:19:5-68
	android:name
		ADDED from src\main\AndroidManifest.xml:19:22-65
application
ADDED from src\main\AndroidManifest.xml:21:5-110:19
MERGED from [com.android.support:support-v4:23.4.0] AndroidManifest.xml:22:5-20
MERGED from [com.android.support:support-v4:23.4.0] AndroidManifest.xml:22:5-20
	android:label
		ADDED from src\main\AndroidManifest.xml:24:9-41
	android:icon
		ADDED from src\main\AndroidManifest.xml:23:9-45
	android:theme
		ADDED from src\main\AndroidManifest.xml:25:9-50
	android:name
		ADDED from src\main\AndroidManifest.xml:22:9-41
activity#com.way.activity.SplashActivity
ADDED from src\main\AndroidManifest.xml:26:9-35:20
	android:screenOrientation
		ADDED from src\main\AndroidManifest.xml:28:13-49
	android:theme
		ADDED from src\main\AndroidManifest.xml:29:13-54
	android:name
		ADDED from src\main\AndroidManifest.xml:27:13-59
intent-filter#android.intent.action.MAIN+android.intent.category.LAUNCHER
ADDED from src\main\AndroidManifest.xml:30:13-34:29
action#android.intent.action.MAIN
ADDED from src\main\AndroidManifest.xml:31:17-69
	android:name
		ADDED from src\main\AndroidManifest.xml:31:25-66
category#android.intent.category.LAUNCHER
ADDED from src\main\AndroidManifest.xml:33:17-77
	android:name
		ADDED from src\main\AndroidManifest.xml:33:27-74
activity#com.way.activity.LoginActivity
ADDED from src\main\AndroidManifest.xml:36:9-46:20
	android:screenOrientation
		ADDED from src\main\AndroidManifest.xml:38:13-49
	android:windowSoftInputMode
		ADDED from src\main\AndroidManifest.xml:40:13-70
	android:theme
		ADDED from src\main\AndroidManifest.xml:39:13-54
	android:name
		ADDED from src\main\AndroidManifest.xml:37:13-58
intent-filter#android.intent.category.DEFAULT+com.way.xx.action.LOGIN
ADDED from src\main\AndroidManifest.xml:41:13-45:29
action#com.way.xx.action.LOGIN
ADDED from src\main\AndroidManifest.xml:42:17-66
	android:name
		ADDED from src\main\AndroidManifest.xml:42:25-63
category#android.intent.category.DEFAULT
ADDED from src\main\AndroidManifest.xml:44:17-76
	android:name
		ADDED from src\main\AndroidManifest.xml:44:27-73
activity#com.way.activity.MainActivity
ADDED from src\main\AndroidManifest.xml:47:9-53:20
	android:screenOrientation
		ADDED from src\main\AndroidManifest.xml:50:13-49
	android:label
		ADDED from src\main\AndroidManifest.xml:49:13-45
	android:windowSoftInputMode
		ADDED from src\main\AndroidManifest.xml:52:13-70
	android:theme
		ADDED from src\main\AndroidManifest.xml:51:13-54
	android:name
		ADDED from src\main\AndroidManifest.xml:48:13-57
activity#com.way.activity.ChatActivity
ADDED from src\main\AndroidManifest.xml:54:9-68:20
	android:hardwareAccelerated
		ADDED from src\main\AndroidManifest.xml:59:13-47
	android:launchMode
		ADDED from src\main\AndroidManifest.xml:60:13-43
	android:exported
		ADDED from src\main\AndroidManifest.xml:58:13-36
	android:windowSoftInputMode
		ADDED from src\main\AndroidManifest.xml:62:13-67
	android:configChanges
		ADDED from src\main\AndroidManifest.xml:57:13-81
	android:alwaysRetainTaskState
		ADDED from src\main\AndroidManifest.xml:56:13-49
	android:theme
		ADDED from src\main\AndroidManifest.xml:61:13-64
	android:name
		ADDED from src\main\AndroidManifest.xml:55:13-57
intent-filter#android.intent.category.DEFAULT+com.way.xx.action.CHAT
ADDED from src\main\AndroidManifest.xml:63:13-67:29
action#com.way.xx.action.CHAT
ADDED from src\main\AndroidManifest.xml:64:17-65
	android:name
		ADDED from src\main\AndroidManifest.xml:64:25-62
activity#com.way.activity.AboutActivity
ADDED from src\main\AndroidManifest.xml:69:9-78:20
	android:hardwareAccelerated
		ADDED from src\main\AndroidManifest.xml:74:13-47
	android:launchMode
		ADDED from src\main\AndroidManifest.xml:75:13-43
	android:exported
		ADDED from src\main\AndroidManifest.xml:73:13-36
	android:windowSoftInputMode
		ADDED from src\main\AndroidManifest.xml:77:13-67
	android:configChanges
		ADDED from src\main\AndroidManifest.xml:72:13-81
	android:alwaysRetainTaskState
		ADDED from src\main\AndroidManifest.xml:71:13-49
	android:theme
		ADDED from src\main\AndroidManifest.xml:76:13-64
	android:name
		ADDED from src\main\AndroidManifest.xml:70:13-58
activity#com.way.activity.FeedBackActivity
ADDED from src\main\AndroidManifest.xml:79:9-88:20
	android:hardwareAccelerated
		ADDED from src\main\AndroidManifest.xml:84:13-47
	android:launchMode
		ADDED from src\main\AndroidManifest.xml:85:13-43
	android:exported
		ADDED from src\main\AndroidManifest.xml:83:13-36
	android:windowSoftInputMode
		ADDED from src\main\AndroidManifest.xml:87:13-67
	android:configChanges
		ADDED from src\main\AndroidManifest.xml:82:13-81
	android:alwaysRetainTaskState
		ADDED from src\main\AndroidManifest.xml:81:13-49
	android:theme
		ADDED from src\main\AndroidManifest.xml:86:13-64
	android:name
		ADDED from src\main\AndroidManifest.xml:80:13-61
service#com.way.service.XXService
ADDED from src\main\AndroidManifest.xml:90:9-61
	android:name
		ADDED from src\main\AndroidManifest.xml:90:18-58
receiver#com.way.app.XXBroadcastReceiver
ADDED from src\main\AndroidManifest.xml:92:9-102:20
	android:name
		ADDED from src\main\AndroidManifest.xml:92:19-65
intent-filter#android.intent.action.ACTION_SHUTDOWN+android.intent.action.BOOT_COMPLETED+android.net.conn.CONNECTIVITY_CHANGE
ADDED from src\main\AndroidManifest.xml:93:13-101:29
action#android.intent.action.BOOT_COMPLETED
ADDED from src\main\AndroidManifest.xml:96:17-79
	android:name
		ADDED from src\main\AndroidManifest.xml:96:25-76
action#android.intent.action.ACTION_SHUTDOWN
ADDED from src\main\AndroidManifest.xml:98:17-80
	android:name
		ADDED from src\main\AndroidManifest.xml:98:25-77
action#android.net.conn.CONNECTIVITY_CHANGE
ADDED from src\main\AndroidManifest.xml:100:17-79
	android:name
		ADDED from src\main\AndroidManifest.xml:100:25-76
provider#com.way.db.ChatProvider
ADDED from src\main\AndroidManifest.xml:104:9-106:63
	android:authorities
		ADDED from src\main\AndroidManifest.xml:106:13-60
	android:name
		ADDED from src\main\AndroidManifest.xml:105:13-51
provider#com.way.db.RosterProvider
ADDED from src\main\AndroidManifest.xml:107:9-109:64
	android:authorities
		ADDED from src\main\AndroidManifest.xml:109:13-61
	android:name
		ADDED from src\main\AndroidManifest.xml:108:13-53